<?xml version="1.0" encoding="UTF-8"?>
<!-- Generated by org.testng.reporters.JUnitReportReporter -->
<testsuite hostname="DESKTOP-6S6P4JK" failures="0" tests="1" name="TestCases.TC_LoginTest_01" time="5.729" errors="0" timestamp="2023-09-13T23:59:50 PKT" skipped="0">
  <testcase classname="TestCases.TC_LoginTest_01" name="LoginTest" time="5.729"/>
</testsuite> <!-- TestCases.TC_LoginTest_01 -->
